<?xml version="1.0" encoding="UTF-8"?>
<testng-results skipped="0" failed="0" ignored="0" total="2" passed="2">
  <reporter-output>
  </reporter-output>
  <suite name="Default suite" duration-ms="18390" started-at="2020-06-30T09:36:44 IST" finished-at="2020-06-30T09:37:02 IST">
    <groups>
    </groups>
    <test name="Default test" duration-ms="18390" started-at="2020-06-30T09:36:44 IST" finished-at="2020-06-30T09:37:02 IST">
      <class name="com.training.sanity.tests.FilterOrdersTests">
        <test-method status="PASS" signature="setUpBrowser()[pri:0, instance:com.training.sanity.tests.FilterOrdersTests@614ddd49]" name="setUpBrowser" is-config="true" duration-ms="8240" started-at="2020-06-30T09:36:44 IST" finished-at="2020-06-30T09:36:52 IST">
          <reporter-output>
          </reporter-output>
        </test-method> <!-- setUpBrowser -->
        <test-method status="PASS" signature="loginTest()[pri:1, instance:com.training.sanity.tests.FilterOrdersTests@614ddd49]" name="loginTest" duration-ms="2940" started-at="2020-06-30T09:36:52 IST" finished-at="2020-06-30T09:36:55 IST">
          <reporter-output>
          </reporter-output>
        </test-method> <!-- loginTest -->
        <test-method status="PASS" signature="filterOrdersTest()[pri:2, instance:com.training.sanity.tests.FilterOrdersTests@614ddd49]" name="filterOrdersTest" duration-ms="5856" started-at="2020-06-30T09:36:55 IST" finished-at="2020-06-30T09:37:01 IST">
          <reporter-output>
          </reporter-output>
        </test-method> <!-- filterOrdersTest -->
        <test-method status="PASS" signature="tearBrowser()[pri:0, instance:com.training.sanity.tests.FilterOrdersTests@614ddd49]" name="tearBrowser" is-config="true" duration-ms="1239" started-at="2020-06-30T09:37:01 IST" finished-at="2020-06-30T09:37:02 IST">
          <reporter-output>
          </reporter-output>
        </test-method> <!-- tearBrowser -->
      </class> <!-- com.training.sanity.tests.FilterOrdersTests -->
    </test> <!-- Default test -->
  </suite> <!-- Default suite -->
</testng-results>
