<?xml version="1.0" encoding="UTF-8"?>
<!-- Generated by org.testng.reporters.JUnitXMLReporter -->
<testsuite hostname="Aruns-MacBook-Pro.local" ignored="0" name="Default test" tests="3" failures="0" timestamp="2020-07-01T10:32:51 IST" time="17.069" errors="0">
  <testcase name="loginTest" time="4.303" classname="com.training.sanity.tests.DeleteProductsTests"/>
  <testcase name="productFilterTest" time="2.725" classname="com.training.sanity.tests.DeleteProductsTests"/>
  <testcase name="deleteFilterTest" time="1.893" classname="com.training.sanity.tests.DeleteProductsTests"/>
</testsuite> <!-- Default test -->
